<?xml version="1.0" encoding="utf-8" standalone="no"?>
<!--This file represents the results of running a test suite-->
<test-results name="C:\Dev\CK-AspNet-Projects\CK-AspNet-Auth\Tests\CK.DB.AspNet.Auth.Tests\bin\Debug\net461\CK.DB.AspNet.Auth.Tests.dll" total="9" errors="0" failures="0" not-run="0" inconclusive="0" ignored="0" skipped="0" invalid="0" date="2018-03-20" time="16:17:02">
  <environment nunit-version="2.6.4.14350" clr-version="4.0.30319.42000" os-version="Microsoft Windows NT 6.2.9200.0" platform="Win32NT" cwd="C:\Dev\CK-AspNet-Projects\CK-AspNet-Auth" machine-name="DESKTOP-5BQ4M95" user="olivi" user-domain="DESKTOP-5BQ4M95" />
  <culture-info current-culture="fr-FR" current-uiculture="fr-FR" />
  <test-suite type="Assembly" name="C:\Dev\CK-AspNet-Projects\CK-AspNet-Auth\Tests\CK.DB.AspNet.Auth.Tests\bin\Debug\net461\CK.DB.AspNet.Auth.Tests.dll" executed="True" result="Success" success="True" time="18.613" asserts="0">
    <results>
      <test-suite type="Namespace" name="CK" executed="True" result="Success" success="True" time="18.603" asserts="0">
        <results>
          <test-suite type="Namespace" name="AspNet" executed="True" result="Inconclusive" success="False" time="0.009" asserts="0">
            <results>
              <test-suite type="Namespace" name="Auth" executed="True" result="Inconclusive" success="False" time="0.009" asserts="0">
                <results>
                  <test-suite type="Namespace" name="Tests" executed="True" result="Inconclusive" success="False" time="0.009" asserts="0">
                    <results>
                      <test-suite type="TestFixture" name="DBSetup" executed="True" result="Inconclusive" success="False" time="0.006" asserts="0" />
                    </results>
                  </test-suite>
                </results>
              </test-suite>
            </results>
          </test-suite>
          <test-suite type="Namespace" name="DB" executed="True" result="Success" success="True" time="18.591" asserts="0">
            <results>
              <test-suite type="Namespace" name="AspNet" executed="True" result="Success" success="True" time="18.591" asserts="0">
                <results>
                  <test-suite type="Namespace" name="Auth" executed="True" result="Success" success="True" time="18.591" asserts="0">
                    <results>
                      <test-suite type="Namespace" name="Tests" executed="True" result="Success" success="True" time="18.590" asserts="0">
                        <results>
                          <test-suite type="TestFixture" name="BasicAuthenticationTests" executed="True" result="Success" success="True" time="18.590" asserts="0">
                            <results>
                              <test-suite type="ParameterizedTest" name="basic_authentication_on_user" executed="True" result="Success" success="True" time="18.163" asserts="0">
                                <results>
                                  <test-case name="CK.DB.AspNet.Auth.Tests.BasicAuthenticationTests.basic_authentication_on_user(&quot;Albert&quot;,&quot;pass&quot;)" executed="True" result="Success" success="True" time="18.105" asserts="0" />
                                  <test-case name="CK.DB.AspNet.Auth.Tests.BasicAuthenticationTests.basic_authentication_on_user(&quot;Paula&quot;,&quot;pass&quot;)" executed="True" result="Success" success="True" time="0.049" asserts="0" />
                                </results>
                              </test-suite>
                              <test-suite type="ParameterizedTest" name="basic_authentication_via_generic_wrapper_on_a_created_user" executed="True" result="Success" success="True" time="0.093" asserts="0">
                                <results>
                                  <test-case name="CK.DB.AspNet.Auth.Tests.BasicAuthenticationTests.basic_authentication_via_generic_wrapper_on_a_created_user(True)" executed="True" result="Success" success="True" time="0.076" asserts="0" />
                                  <test-case name="CK.DB.AspNet.Auth.Tests.BasicAuthenticationTests.basic_authentication_via_generic_wrapper_on_a_created_user(False)" executed="True" result="Success" success="True" time="0.016" asserts="0" />
                                </results>
                              </test-suite>
                              <test-suite type="ParameterizedTest" name="IWebFrontAuthValidateLoginService_can_prevent_basic_login" executed="True" result="Success" success="True" time="0.190" asserts="0">
                                <results>
                                  <test-case name="CK.DB.AspNet.Auth.Tests.BasicAuthenticationTests.IWebFrontAuthValidateLoginService_can_prevent_basic_login(&quot;Albert&quot;,&quot;pass&quot;,True)" executed="True" result="Success" success="True" time="0.135" asserts="0" />
                                  <test-case name="CK.DB.AspNet.Auth.Tests.BasicAuthenticationTests.IWebFrontAuthValidateLoginService_can_prevent_basic_login(&quot;Paula&quot;,&quot;pass&quot;,False)" executed="True" result="Success" success="True" time="0.054" asserts="0" />
                                </results>
                              </test-suite>
                              <test-suite type="ParameterizedTest" name="IWebFrontAuthValidateLoginService_can_prevent_unsafe_direct_login" executed="True" result="Success" success="True" time="0.121" asserts="0">
                                <results>
                                  <test-case name="CK.DB.AspNet.Auth.Tests.BasicAuthenticationTests.IWebFrontAuthValidateLoginService_can_prevent_unsafe_direct_login(&quot;Albert&quot;,&quot;pass&quot;,True)" executed="True" result="Success" success="True" time="0.070" asserts="0" />
                                  <test-case name="CK.DB.AspNet.Auth.Tests.BasicAuthenticationTests.IWebFrontAuthValidateLoginService_can_prevent_unsafe_direct_login(&quot;Paula&quot;,&quot;pass&quot;,False)" executed="True" result="Success" success="True" time="0.051" asserts="0" />
                                </results>
                              </test-suite>
                              <test-case name="CK.DB.AspNet.Auth.Tests.BasicAuthenticationTests.unsafe_direct_login_returns_BadRequest_and_JSON_ArgumentException_when_payload_is_not_in_the_expected_format" executed="True" result="Success" success="True" time="0.020" asserts="0" />
                            </results>
                          </test-suite>
                        </results>
                      </test-suite>
                    </results>
                  </test-suite>
                </results>
              </test-suite>
            </results>
          </test-suite>
        </results>
      </test-suite>
    </results>
  </test-suite>
</test-results>