<?xml version="1.0" encoding="utf-8" standalone="no"?>
<!--This file represents the results of running a test suite-->
<test-results name="C:\Dev\CK-AspNet-Projects\CK-AspNet-Auth\Tests\CK.DB.AspNet.Auth.Tests\bin\Debug\net461\CK.DB.AspNet.Auth.Tests.dll" total="9" errors="0" failures="0" not-run="0" inconclusive="0" ignored="0" skipped="0" invalid="0" date="2018-03-01" time="18:53:11">
  <environment nunit-version="2.6.4.14350" clr-version="4.0.30319.42000" os-version="Microsoft Windows NT 6.2.9200.0" platform="Win32NT" cwd="C:\Dev\CK-AspNet-Projects\CK-AspNet-Auth" machine-name="DESKTOP-5BQ4M95" user="olivi" user-domain="DESKTOP-5BQ4M95" />
  <culture-info current-culture="fr-FR" current-uiculture="fr-FR" />
  <test-suite type="Assembly" name="C:\Dev\CK-AspNet-Projects\CK-AspNet-Auth\Tests\CK.DB.AspNet.Auth.Tests\bin\Debug\net461\CK.DB.AspNet.Auth.Tests.dll" executed="True" result="Success" success="True" time="50.891" asserts="0">
    <results>
      <test-suite type="Namespace" name="CK" executed="True" result="Success" success="True" time="50.870" asserts="0">
        <results>
          <test-suite type="Namespace" name="AspNet" executed="True" result="Inconclusive" success="False" time="0.022" asserts="0">
            <results>
              <test-suite type="Namespace" name="Auth" executed="True" result="Inconclusive" success="False" time="0.022" asserts="0">
                <results>
                  <test-suite type="Namespace" name="Tests" executed="True" result="Inconclusive" success="False" time="0.021" asserts="0">
                    <results>
                      <test-suite type="TestFixture" name="DBSetup" executed="True" result="Inconclusive" success="False" time="0.017" asserts="0" />
                    </results>
                  </test-suite>
                </results>
              </test-suite>
            </results>
          </test-suite>
          <test-suite type="Namespace" name="DB" executed="True" result="Success" success="True" time="50.839" asserts="0">
            <results>
              <test-suite type="Namespace" name="AspNet" executed="True" result="Success" success="True" time="50.835" asserts="0">
                <results>
                  <test-suite type="Namespace" name="Auth" executed="True" result="Success" success="True" time="50.812" asserts="0">
                    <results>
                      <test-suite type="Namespace" name="Tests" executed="True" result="Success" success="True" time="50.792" asserts="0">
                        <results>
                          <test-suite type="TestFixture" name="BasicAuthenticationTests" executed="True" result="Success" success="True" time="50.782" asserts="0">
                            <results>
                              <test-suite type="ParameterizedTest" name="basic_authentication_on_user" executed="True" result="Success" success="True" time="46.809" asserts="0">
                                <results>
                                  <test-case name="CK.DB.AspNet.Auth.Tests.BasicAuthenticationTests.basic_authentication_on_user(&quot;Albert&quot;,&quot;pass&quot;)" executed="True" result="Success" success="True" time="46.424" asserts="0" />
                                  <test-case name="CK.DB.AspNet.Auth.Tests.BasicAuthenticationTests.basic_authentication_on_user(&quot;Paula&quot;,&quot;pass&quot;)" executed="True" result="Success" success="True" time="0.333" asserts="0" />
                                </results>
                              </test-suite>
                              <test-suite type="ParameterizedTest" name="basic_authentication_via_generic_wrapper_on_a_created_user" executed="True" result="Success" success="True" time="0.472" asserts="0">
                                <results>
                                  <test-case name="CK.DB.AspNet.Auth.Tests.BasicAuthenticationTests.basic_authentication_via_generic_wrapper_on_a_created_user(True)" executed="True" result="Success" success="True" time="0.367" asserts="0" />
                                  <test-case name="CK.DB.AspNet.Auth.Tests.BasicAuthenticationTests.basic_authentication_via_generic_wrapper_on_a_created_user(False)" executed="True" result="Success" success="True" time="0.102" asserts="0" />
                                </results>
                              </test-suite>
                              <test-suite type="ParameterizedTest" name="IWebFrontAuthValidateLoginService_can_prevent_basic_login" executed="True" result="Success" success="True" time="2.495" asserts="0">
                                <results>
                                  <test-case name="CK.DB.AspNet.Auth.Tests.BasicAuthenticationTests.IWebFrontAuthValidateLoginService_can_prevent_basic_login(&quot;Albert&quot;,&quot;pass&quot;,True)" executed="True" result="Success" success="True" time="1.617" asserts="0" />
                                  <test-case name="CK.DB.AspNet.Auth.Tests.BasicAuthenticationTests.IWebFrontAuthValidateLoginService_can_prevent_basic_login(&quot;Paula&quot;,&quot;pass&quot;,False)" executed="True" result="Success" success="True" time="0.863" asserts="0" />
                                </results>
                              </test-suite>
                              <test-suite type="ParameterizedTest" name="IWebFrontAuthValidateLoginService_can_prevent_unsafe_direct_login" executed="True" result="Success" success="True" time="0.935" asserts="0">
                                <results>
                                  <test-case name="CK.DB.AspNet.Auth.Tests.BasicAuthenticationTests.IWebFrontAuthValidateLoginService_can_prevent_unsafe_direct_login(&quot;Albert&quot;,&quot;pass&quot;,True)" executed="True" result="Success" success="True" time="0.506" asserts="0" />
                                  <test-case name="CK.DB.AspNet.Auth.Tests.BasicAuthenticationTests.IWebFrontAuthValidateLoginService_can_prevent_unsafe_direct_login(&quot;Paula&quot;,&quot;pass&quot;,False)" executed="True" result="Success" success="True" time="0.427" asserts="0" />
                                </results>
                              </test-suite>
                              <test-case name="CK.DB.AspNet.Auth.Tests.BasicAuthenticationTests.unsafe_direct_login_returns_BadRequest_and_JSON_ArgumentException_when_payload_is_not_in_the_expected_format" executed="True" result="Success" success="True" time="0.043" asserts="0" />
                            </results>
                          </test-suite>
                        </results>
                      </test-suite>
                    </results>
                  </test-suite>
                </results>
              </test-suite>
            </results>
          </test-suite>
        </results>
      </test-suite>
    </results>
  </test-suite>
</test-results>