<?xml version="1.0" encoding="utf-8" standalone="no"?>
<!--This file represents the results of running a test suite-->
<test-results name="C:\Dev\CK-AspNet-Projects\CK-AspNet-Auth\Tests\Integration\WebApp.Tests\bin\Debug\net461\WebApp.Tests.dll" total="14" errors="0" failures="0" not-run="0" inconclusive="0" ignored="0" skipped="0" invalid="0" date="2018-03-01" time="18:59:16">
  <environment nunit-version="2.6.4.14350" clr-version="4.0.30319.42000" os-version="Microsoft Windows NT 6.2.9200.0" platform="Win32NT" cwd="C:\Dev\CK-AspNet-Projects\CK-AspNet-Auth" machine-name="DESKTOP-5BQ4M95" user="olivi" user-domain="DESKTOP-5BQ4M95" />
  <culture-info current-culture="fr-FR" current-uiculture="fr-FR" />
  <test-suite type="Assembly" name="C:\Dev\CK-AspNet-Projects\CK-AspNet-Auth\Tests\Integration\WebApp.Tests\bin\Debug\net461\WebApp.Tests.dll" executed="True" result="Success" success="True" time="56.336" asserts="0">
    <results>
      <test-suite type="Namespace" name="WebApp" executed="True" result="Success" success="True" time="56.288" asserts="0">
        <results>
          <test-suite type="SetUpFixture" name="Tests" executed="True" result="Success" success="True" time="56.286" asserts="0">
            <results>
              <test-suite type="TestFixture" name="BasicAuthenticationTests" executed="True" result="Success" success="True" time="20.030" asserts="0">
                <results>
                  <test-suite type="ParameterizedTest" name="calling_token_endpoint" executed="True" result="Success" success="True" time="19.769" asserts="0">
                    <results>
                      <test-case name="WebApp.Tests.BasicAuthenticationTests.calling_token_endpoint(&quot;Albert&quot;,&quot;pass&quot;)" executed="True" result="Success" success="True" time="19.723" asserts="0" />
                    </results>
                  </test-suite>
                  <test-suite type="ParameterizedTest" name="login_basic_for_known_user_with_invalid_password" executed="True" result="Success" success="True" time="0.232" asserts="0">
                    <results>
                      <test-case name="WebApp.Tests.BasicAuthenticationTests.login_basic_for_known_user_with_invalid_password(&quot;Albert&quot;,&quot;pass&quot;)" executed="True" result="Success" success="True" time="0.232" asserts="0" />
                    </results>
                  </test-suite>
                </results>
              </test-suite>
              <test-suite type="TestFixture" name="DBSetup" executed="True" result="Success" success="True" time="5.654" asserts="0">
                <results>
                  <test-case name="WebApp.Tests.DBSetup.Alice_has_only_basic_authentication" executed="True" result="Success" success="True" time="5.492" asserts="0" />
                  <test-case name="WebApp.Tests.DBSetup.Bob_is_totally_unknown" executed="True" result="Success" success="True" time="0.035" asserts="0" />
                  <test-case name="WebApp.Tests.DBSetup.Carol_is_Basic_and_Oidc_registered" executed="True" result="Success" success="True" time="0.121" asserts="0" />
                </results>
              </test-suite>
              <test-suite type="TestFixture" name="GoogleTests" executed="True" result="Inconclusive" success="False" time="0.001" asserts="0" />
              <test-suite type="TestFixture" name="OpenIdConnectTests" executed="True" result="Success" success="True" time="29.989" asserts="0">
                <results>
                  <test-suite type="ParameterizedTest" name="Alice_login_when_Basic_logged_on_webfront_returns_Account_NoAutoBinding" executed="True" result="Success" success="True" time="25.820" asserts="0">
                    <results>
                      <test-case name="WebApp.Tests.OpenIdConnectTests.Alice_login_when_Basic_logged_on_webfront_returns_Account_NoAutoBinding(True)" executed="True" result="Success" success="True" time="25.478" asserts="0" />
                      <test-case name="WebApp.Tests.OpenIdConnectTests.Alice_login_when_Basic_logged_on_webfront_returns_Account_NoAutoBinding(False)" executed="True" result="Success" success="True" time="0.340" asserts="0" />
                    </results>
                  </test-suite>
                  <test-case name="WebApp.Tests.OpenIdConnectTests.Bob_login_on_webfront_returns_User_NoAutoRegistration" executed="True" result="Success" success="True" time="0.177" asserts="0" />
                  <test-suite type="ParameterizedTest" name="Carol_login_on_webfront_succeeds" executed="True" result="Success" success="True" time="0.626" asserts="0">
                    <results>
                      <test-case name="WebApp.Tests.OpenIdConnectTests.Carol_login_on_webfront_succeeds(null)" executed="True" result="Success" success="True" time="0.320" asserts="0" />
                      <test-case name="WebApp.Tests.OpenIdConnectTests.Carol_login_on_webfront_succeeds(&quot;&amp;A=3&amp;A=p&amp;Other=param&amp;X&quot;)" executed="True" result="Success" success="True" time="0.292" asserts="0" />
                    </results>
                  </test-suite>
                  <test-case name="WebApp.Tests.OpenIdConnectTests.login_with_return_url" executed="True" result="Success" success="True" time="0.263" asserts="0" />
                  <test-case name="WebApp.Tests.OpenIdConnectTests.login_works_also_with_Post" executed="True" result="Success" success="True" time="0.299" asserts="0" />
                  <test-case name="WebApp.Tests.OpenIdConnectTests.when_login_fails_loginFailureReason_is_errorText_and_loginFailureCode_is_available" executed="True" result="Success" success="True" time="2.475" asserts="0" />
                  <test-case name="WebApp.Tests.OpenIdConnectTests.when_login_fails_loginFailureReason_is_errorText_and_loginFailureCode_is_available_with_returnUrl" executed="True" result="Success" success="True" time="0.312" asserts="0" />
                </results>
              </test-suite>
            </results>
          </test-suite>
        </results>
      </test-suite>
    </results>
  </test-suite>
</test-results>